<?xml version="1.0" encoding="UTF-8"?>
<testng-results ignored="0" total="1" passed="1" failed="0" skipped="0">
  <reporter-output>
  </reporter-output>
  <suite started-at="2021-09-02T22:25:01 IST" name="Default suite" finished-at="2021-09-02T22:25:03 IST" duration-ms="1495">
    <groups>
    </groups>
    <test started-at="2021-09-02T22:25:01 IST" name="Default test" finished-at="2021-09-02T22:25:03 IST" duration-ms="1495">
      <class name="getRequest.GetData2">
        <test-method signature="testResponseCode()[pri:0, instance:getRequest.GetData2@5939a379]" started-at="2021-09-02T22:25:01 IST" name="testResponseCode" finished-at="2021-09-02T22:25:03 IST" duration-ms="1465" status="PASS">
          <reporter-output>
          </reporter-output>
        </test-method> <!-- testResponseCode -->
      </class> <!-- getRequest.GetData2 -->
    </test> <!-- Default test -->
  </suite> <!-- Default suite -->
</testng-results>
